<?xml version="1.0" encoding="UTF-8"?>
<testsuite name="TestStart" tests="1" skipped="0" failures="0" errors="0" timestamp="2024-10-28T07:37:55" hostname="adsl-172-10-0-159.dsl.sndg02.sbcglobal.net" time="0.002">
  <properties/>
  <testcase name="testOk" classname="TestStart" time="0.002"/>
  <system-out><![CDATA[]]></system-out>
  <system-err><![CDATA[]]></system-err>
</testsuite>
